{
  "RSpec": {
    "coverage": {
      "/Users/davidteren_1/SandyMcSandbox/truthy_tool/lib/truthy_tool.rb": {
        "lines": [
          null,
          null,
          1,
          null,
          1,
          null,
          null,
          1,
          1,
          null,
          1,
          13,
          null,
          null,
          null,
          null,
          null,
          null,
          null,
          null
        ],
        "branches": {
        }
      },
      "/Users/davidteren_1/SandyMcSandbox/truthy_tool/spec/support/shared_contexts/temp_dir.rb": {
        "lines": [
          null,
          null,
          1,
          0,
          null,
          0,
          null,
          0,
          0,
          0,
          0,
          null,
          null
        ],
        "branches": {
        }
      }
    },
    "timestamp": 1656999342
  }
}
